2017-01-10 9:26:00 AM	This log contains information about the import schema operation into project 'AdventureWorksLT' on computer 'DESKTOP-87MFT0N' by user 'ccote'.
2017-01-10 9:26:01 AM	Import of database schema has started.
2017-01-10 9:26:07 AM	Gathering database credentials
2017-01-10 9:26:07 AM	Gathering database options
2017-01-10 9:26:07 AM	Gathering users
2017-01-10 9:26:07 AM	Gathering roles
2017-01-10 9:26:07 AM	Gathering application roles
2017-01-10 9:26:07 AM	Gathering role memberships
2017-01-10 9:26:07 AM	Gathering filegroups
2017-01-10 9:26:07 AM	Gathering full-text catalogs
2017-01-10 9:26:07 AM	Gathering assemblies
2017-01-10 9:26:07 AM	Gathering certificates
2017-01-10 9:26:07 AM	Gathering asymmetric keys
2017-01-10 9:26:07 AM	Gathering symmetric keys
2017-01-10 9:26:07 AM	Gathering encrypted symmetric keys
2017-01-10 9:26:07 AM	Gathering schemas
2017-01-10 9:26:07 AM	Gathering XML schema collections
2017-01-10 9:26:07 AM	Gathering user-defined data types
2017-01-10 9:26:07 AM	Gathering user-defined types
2017-01-10 9:26:07 AM	Gathering table types
2017-01-10 9:26:07 AM	Gathering unique keys for table types
2017-01-10 9:26:07 AM	Gathering primary keys for table types
2017-01-10 9:26:07 AM	Gathering indexes for table types
2017-01-10 9:26:07 AM	Gathering check constraints for table types
2017-01-10 9:26:07 AM	Gathering default constraints for table types
2017-01-10 9:26:07 AM	Gathering partition functions
2017-01-10 9:26:07 AM	Gathering partition schemes
2017-01-10 9:26:07 AM	Gathering functions
2017-01-10 9:26:07 AM	Gathering encrypted functions
2017-01-10 9:26:07 AM	Gathering aggregates
2017-01-10 9:26:07 AM	Gathering procedures
2017-01-10 9:26:07 AM	Gathering encrypted procedures
2017-01-10 9:26:07 AM	Gathering tables
2017-01-10 9:26:07 AM	Gathering primary keys
2017-01-10 9:26:07 AM	Gathering unique constraints
2017-01-10 9:26:08 AM	Gathering foreign keys
2017-01-10 9:26:08 AM	Gathering default constraints
2017-01-10 9:26:08 AM	Gathering check constraints
2017-01-10 9:26:08 AM	Gathering views
2017-01-10 9:26:08 AM	Gathering encrypted views
2017-01-10 9:26:08 AM	Gathering indexes
2017-01-10 9:26:08 AM	Gathering statistics
2017-01-10 9:26:08 AM	Gathering full-text index stoplists
2017-01-10 9:26:08 AM	Gathering search property lists
2017-01-10 9:26:08 AM	Gathering search properties
2017-01-10 9:26:08 AM	Gathering full-text indexes
2017-01-10 9:26:08 AM	Gathering column store indexes
2017-01-10 9:26:08 AM	Gathering spatial indexes
2017-01-10 9:26:08 AM	Gathering XML indexes
2017-01-10 9:26:08 AM	Gathering Selective XML indexes
2017-01-10 9:26:08 AM	Gathering encrypted triggers
2017-01-10 9:26:08 AM	Gathering triggers
2017-01-10 9:26:08 AM	Gathering encrypted and clr ddl triggers
2017-01-10 9:26:08 AM	Gathering ddl triggers
2017-01-10 9:26:08 AM	Gathering synonyms
2017-01-10 9:26:08 AM	Gathering defaults
2017-01-10 9:26:08 AM	Gathering data constraint uddt bindings
2017-01-10 9:26:08 AM	Gathering rules
2017-01-10 9:26:08 AM	Gathering data constraint uddt bindings
2017-01-10 9:26:08 AM	Gathering message types
2017-01-10 9:26:08 AM	Gathering queues
2017-01-10 9:26:08 AM	Gathering contracts
2017-01-10 9:26:08 AM	Gathering services
2017-01-10 9:26:08 AM	Gathering event notifications
2017-01-10 9:26:08 AM	Gathering remote service bindings
2017-01-10 9:26:08 AM	Gathering broker priorities
2017-01-10 9:26:08 AM	Gathering signatures
2017-01-10 9:26:08 AM	Gathering data compression options
2017-01-10 9:26:08 AM	Gathering sequence types
2017-01-10 9:26:08 AM	Gathering security policies
2017-01-10 9:26:08 AM	Gather column encryption keys
2017-01-10 9:26:08 AM	Gathering column master keys
2017-01-10 9:26:08 AM	Gathering external data sources
2017-01-10 9:26:08 AM	Gathering external file formats
2017-01-10 9:26:08 AM	Gathering external tables
2017-01-10 9:26:08 AM	Gathering database permissions
2017-01-10 9:26:08 AM	Gathering extended properties
2017-01-10 9:26:08 AM	Gathering credentials
2017-01-10 9:26:08 AM	Gathering logins
2017-01-10 9:26:08 AM	Gathering server audits
2017-01-10 9:26:09 AM	Scanning project for duplicate elements
2017-01-10 9:26:10 AM	Finished duplicate element processing
2017-01-10 9:26:14 AM	Finished importing database.
2017-01-10 9:26:14 AM	A summary of the import was saved to the following location: c:\users\ccote\documents\visual studio 2015\Projects\AdventureWorksLT\AdventureWorksLT\Import Schema Logs\AdventureWorksLT_20170110022600.log
2017-01-10 9:26:14 AM	Click Finish to continue...
